<?xml version="1.0" encoding="UTF-8"?>
<!-- Generated by org.testng.reporters.JUnitReportReporter -->
<testsuite hostname="edulab3" failures="0" tests="2" name="com.testpackage.TestBasics" time="0.013" errors="0" timestamp="2023-06-01T19:04:30 IST" skipped="0">
  <testcase classname="com.testpackage.TestBasics" name="e" time="0.009"/>
  <system-out/>
  <testcase classname="com.testpackage.TestBasics" name="ee" time="0.004"/>
  <system-out/>
</testsuite> <!-- com.testpackage.TestBasics -->
